<?xml version="1.0" encoding="UTF-8"?>
<testsuite xmlns:xsi="http://www.w3.org/2001/XMLSchema-instance" xsi:noNamespaceSchemaLocation="https://maven.apache.org/surefire/maven-surefire-plugin/xsd/surefire-test-report.xsd" name="TestSuite" time="40.181" tests="10" errors="0" skipped="9" failures="1">
  <properties>
[...]
</properties>
  <testcase name="setup" classname="com.InternalProject.qa.test.MainTest" time="2.767">
    <failure message="session not created: This version of ChromeDriver only supports Chrome version 84&#10;Build info: version: &apos;3.5.2&apos;, revision: &apos;10229a9&apos;, time: &apos;2017-08-21T17:29:55.15Z&apos;&#10;System info: host: &apos;DELL-3490-SIDDH&apos;, ip: &apos;192.168.1.6&apos;, os.name: &apos;Windows 10&apos;, os.arch: &apos;amd64&apos;, os.version: &apos;10.0&apos;, java.version: &apos;14.0.2&apos;&#10;Driver info: driver.version: ChromeDriver&#10;remote stacktrace: Backtrace:&#10;	Ordinal0 [0x003B87E3+2852835]&#10;	Ordinal0 [0x002A5BB1+1727409]&#10;	Ordinal0 [0x0017E4B9+517305]&#10;	Ordinal0 [0x00110BA0+68512]&#10;	Ordinal0 [0x0010D3A0+54176]&#10;	Ordinal0 [0x0012D9F7+186871]&#10;	Ordinal0 [0x0012D7FD+186365]&#10;	Ordinal0 [0x0012B70B+177931]&#10;	Ordinal0 [0x00112584+75140]&#10;	Ordinal0 [0x00113650+79440]&#10;	Ordinal0 [0x001135E9+79337]&#10;	Ordinal0 [0x002BAD5C+1813852]&#10;	GetHandleVerifier [0x004DC616+1075574]&#10;	GetHandleVerifier [0x004DC367+1074887]&#10;	GetHandleVerifier [0x004E7497+1120247]&#10;	GetHandleVerifier [0x004DCC16+1077110]&#10;	Ordinal0 [0x002B3206+1782278]&#10;	Ordinal0 [0x002BC3BB+1819579]&#10;	Ordinal0 [0x002BC523+1819939]&#10;	Ordinal0 [0x002D2B45+1911621]&#10;	BaseThreadInitThunk [0x75786359+25]&#10;	RtlGetAppContainerNamedObjectPath [0x772B8944+228]&#10;	RtlGetAppContainerNamedObjectPath [0x772B8914+180]&#10;" type="org.openqa.selenium.SessionNotCreatedException">org.openqa.selenium.SessionNotCreatedException: 
session not created: This version of ChromeDriver only supports Chrome version 84
Build info: version: '3.5.2', revision: '10229a9', time: '2017-08-21T17:29:55.15Z'
System info: host: 'DELL-3490-SIDDH', ip: '192.168.1.6', os.name: 'Windows 10', os.arch: 'amd64', os.version: '10.0', java.version: '14.0.2'
Driver info: driver.version: ChromeDriver
remote stacktrace: Backtrace:
	Ordinal0 [0x003B87E3+2852835]
	Ordinal0 [0x002A5BB1+1727409]
	Ordinal0 [0x0017E4B9+517305]
	Ordinal0 [0x00110BA0+68512]
	Ordinal0 [0x0010D3A0+54176]
	Ordinal0 [0x0012D9F7+186871]
	Ordinal0 [0x0012D7FD+186365]
	Ordinal0 [0x0012B70B+177931]
	Ordinal0 [0x00112584+75140]
	Ordinal0 [0x00113650+79440]
	Ordinal0 [0x001135E9+79337]
	Ordinal0 [0x002BAD5C+1813852]
	GetHandleVerifier [0x004DC616+1075574]
	GetHandleVerifier [0x004DC367+1074887]
	GetHandleVerifier [0x004E7497+1120247]
	GetHandleVerifier [0x004DCC16+1077110]
	Ordinal0 [0x002B3206+1782278]
	Ordinal0 [0x002BC3BB+1819579]
	Ordinal0 [0x002BC523+1819939]
	Ordinal0 [0x002D2B45+1911621]
	BaseThreadInitThunk [0x75786359+25]
	RtlGetAppContainerNamedObjectPath [0x772B8944+228]
	RtlGetAppContainerNamedObjectPath [0x772B8914+180]

	at com.InternalProject.qa.test.MainTest.setup(MainTest.java:93)
</failure>
    <system-out><![CDATA[[TestNGContentHandler] [WARN] It is strongly recommended to add "<!DOCTYPE suite SYSTEM "http://testng.org/testng-1.0.dtd" >" at the top of your file, otherwise TestNG may fail or not work as expected.
]]></system-out>
    <system-err><![CDATA[Starting ChromeDriver 84.0.4147.30 (48b3e868b4cc0aa7e8149519690b6f6949e110a8-refs/branch-heads/4147@{#310}) on port 17118
Only local connections are allowed.
Please see https://chromedriver.chromium.org/security-considerations for suggestions on keeping ChromeDriver safe.
ChromeDriver was started successfully.
]]></system-err>
  </testcase>
  <testcase name="LogoImageTest" classname="com.InternalProject.qa.test.MainTest" time="0">
    <skipped message="session not created: This version of ChromeDriver only supports Chrome version 84&#10;Build info: version: &apos;3.5.2&apos;, revision: &apos;10229a9&apos;, time: &apos;2017-08-21T17:29:55.15Z&apos;&#10;System info: host: &apos;DELL-3490-SIDDH&apos;, ip: &apos;192.168.1.6&apos;, os.name: &apos;Windows 10&apos;, os.arch: &apos;amd64&apos;, os.version: &apos;10.0&apos;, java.version: &apos;14.0.2&apos;&#10;Driver info: driver.version: ChromeDriver&#10;remote stacktrace: Backtrace:&#10;	Ordinal0 [0x003B87E3+2852835]&#10;	Ordinal0 [0x002A5BB1+1727409]&#10;	Ordinal0 [0x0017E4B9+517305]&#10;	Ordinal0 [0x00110BA0+68512]&#10;	Ordinal0 [0x0010D3A0+54176]&#10;	Ordinal0 [0x0012D9F7+186871]&#10;	Ordinal0 [0x0012D7FD+186365]&#10;	Ordinal0 [0x0012B70B+177931]&#10;	Ordinal0 [0x00112584+75140]&#10;	Ordinal0 [0x00113650+79440]&#10;	Ordinal0 [0x001135E9+79337]&#10;	Ordinal0 [0x002BAD5C+1813852]&#10;	GetHandleVerifier [0x004DC616+1075574]&#10;	GetHandleVerifier [0x004DC367+1074887]&#10;	GetHandleVerifier [0x004E7497+1120247]&#10;	GetHandleVerifier [0x004DCC16+1077110]&#10;	Ordinal0 [0x002B3206+1782278]&#10;	Ordinal0 [0x002BC3BB+1819579]&#10;	Ordinal0 [0x002BC523+1819939]&#10;	Ordinal0 [0x002D2B45+1911621]&#10;	BaseThreadInitThunk [0x75786359+25]&#10;	RtlGetAppContainerNamedObjectPath [0x772B8944+228]&#10;	RtlGetAppContainerNamedObjectPath [0x772B8914+180]&#10;"/>
  </testcase>
  <testcase name="signIn1" classname="com.InternalProject.qa.test.MainTest" time="0">
    <skipped message="session not created: This version of ChromeDriver only supports Chrome version 84&#10;Build info: version: &apos;3.5.2&apos;, revision: &apos;10229a9&apos;, time: &apos;2017-08-21T17:29:55.15Z&apos;&#10;System info: host: &apos;DELL-3490-SIDDH&apos;, ip: &apos;192.168.1.6&apos;, os.name: &apos;Windows 10&apos;, os.arch: &apos;amd64&apos;, os.version: &apos;10.0&apos;, java.version: &apos;14.0.2&apos;&#10;Driver info: driver.version: ChromeDriver&#10;remote stacktrace: Backtrace:&#10;	Ordinal0 [0x003B87E3+2852835]&#10;	Ordinal0 [0x002A5BB1+1727409]&#10;	Ordinal0 [0x0017E4B9+517305]&#10;	Ordinal0 [0x00110BA0+68512]&#10;	Ordinal0 [0x0010D3A0+54176]&#10;	Ordinal0 [0x0012D9F7+186871]&#10;	Ordinal0 [0x0012D7FD+186365]&#10;	Ordinal0 [0x0012B70B+177931]&#10;	Ordinal0 [0x00112584+75140]&#10;	Ordinal0 [0x00113650+79440]&#10;	Ordinal0 [0x001135E9+79337]&#10;	Ordinal0 [0x002BAD5C+1813852]&#10;	GetHandleVerifier [0x004DC616+1075574]&#10;	GetHandleVerifier [0x004DC367+1074887]&#10;	GetHandleVerifier [0x004E7497+1120247]&#10;	GetHandleVerifier [0x004DCC16+1077110]&#10;	Ordinal0 [0x002B3206+1782278]&#10;	Ordinal0 [0x002BC3BB+1819579]&#10;	Ordinal0 [0x002BC523+1819939]&#10;	Ordinal0 [0x002D2B45+1911621]&#10;	BaseThreadInitThunk [0x75786359+25]&#10;	RtlGetAppContainerNamedObjectPath [0x772B8944+228]&#10;	RtlGetAppContainerNamedObjectPath [0x772B8914+180]&#10;"/>
  </testcase>
  <testcase name="loginWithOTP" classname="com.InternalProject.qa.test.MainTest" time="0">
    <skipped message="session not created: This version of ChromeDriver only supports Chrome version 84&#10;Build info: version: &apos;3.5.2&apos;, revision: &apos;10229a9&apos;, time: &apos;2017-08-21T17:29:55.15Z&apos;&#10;System info: host: &apos;DELL-3490-SIDDH&apos;, ip: &apos;192.168.1.6&apos;, os.name: &apos;Windows 10&apos;, os.arch: &apos;amd64&apos;, os.version: &apos;10.0&apos;, java.version: &apos;14.0.2&apos;&#10;Driver info: driver.version: ChromeDriver&#10;remote stacktrace: Backtrace:&#10;	Ordinal0 [0x003B87E3+2852835]&#10;	Ordinal0 [0x002A5BB1+1727409]&#10;	Ordinal0 [0x0017E4B9+517305]&#10;	Ordinal0 [0x00110BA0+68512]&#10;	Ordinal0 [0x0010D3A0+54176]&#10;	Ordinal0 [0x0012D9F7+186871]&#10;	Ordinal0 [0x0012D7FD+186365]&#10;	Ordinal0 [0x0012B70B+177931]&#10;	Ordinal0 [0x00112584+75140]&#10;	Ordinal0 [0x00113650+79440]&#10;	Ordinal0 [0x001135E9+79337]&#10;	Ordinal0 [0x002BAD5C+1813852]&#10;	GetHandleVerifier [0x004DC616+1075574]&#10;	GetHandleVerifier [0x004DC367+1074887]&#10;	GetHandleVerifier [0x004E7497+1120247]&#10;	GetHandleVerifier [0x004DCC16+1077110]&#10;	Ordinal0 [0x002B3206+1782278]&#10;	Ordinal0 [0x002BC3BB+1819579]&#10;	Ordinal0 [0x002BC523+1819939]&#10;	Ordinal0 [0x002D2B45+1911621]&#10;	BaseThreadInitThunk [0x75786359+25]&#10;	RtlGetAppContainerNamedObjectPath [0x772B8944+228]&#10;	RtlGetAppContainerNamedObjectPath [0x772B8914+180]&#10;"/>
  </testcase>
  <testcase name="HelloLinkTest1" classname="com.InternalProject.qa.test.MainTest" time="0">
    <skipped message="session not created: This version of ChromeDriver only supports Chrome version 84&#10;Build info: version: &apos;3.5.2&apos;, revision: &apos;10229a9&apos;, time: &apos;2017-08-21T17:29:55.15Z&apos;&#10;System info: host: &apos;DELL-3490-SIDDH&apos;, ip: &apos;192.168.1.6&apos;, os.name: &apos;Windows 10&apos;, os.arch: &apos;amd64&apos;, os.version: &apos;10.0&apos;, java.version: &apos;14.0.2&apos;&#10;Driver info: driver.version: ChromeDriver&#10;remote stacktrace: Backtrace:&#10;	Ordinal0 [0x003B87E3+2852835]&#10;	Ordinal0 [0x002A5BB1+1727409]&#10;	Ordinal0 [0x0017E4B9+517305]&#10;	Ordinal0 [0x00110BA0+68512]&#10;	Ordinal0 [0x0010D3A0+54176]&#10;	Ordinal0 [0x0012D9F7+186871]&#10;	Ordinal0 [0x0012D7FD+186365]&#10;	Ordinal0 [0x0012B70B+177931]&#10;	Ordinal0 [0x00112584+75140]&#10;	Ordinal0 [0x00113650+79440]&#10;	Ordinal0 [0x001135E9+79337]&#10;	Ordinal0 [0x002BAD5C+1813852]&#10;	GetHandleVerifier [0x004DC616+1075574]&#10;	GetHandleVerifier [0x004DC367+1074887]&#10;	GetHandleVerifier [0x004E7497+1120247]&#10;	GetHandleVerifier [0x004DCC16+1077110]&#10;	Ordinal0 [0x002B3206+1782278]&#10;	Ordinal0 [0x002BC3BB+1819579]&#10;	Ordinal0 [0x002BC523+1819939]&#10;	Ordinal0 [0x002D2B45+1911621]&#10;	BaseThreadInitThunk [0x75786359+25]&#10;	RtlGetAppContainerNamedObjectPath [0x772B8944+228]&#10;	RtlGetAppContainerNamedObjectPath [0x772B8914+180]&#10;"/>
  </testcase>
  <testcase name="createBookmark" classname="com.InternalProject.qa.test.MainTest" time="0">
    <skipped message="session not created: This version of ChromeDriver only supports Chrome version 84&#10;Build info: version: &apos;3.5.2&apos;, revision: &apos;10229a9&apos;, time: &apos;2017-08-21T17:29:55.15Z&apos;&#10;System info: host: &apos;DELL-3490-SIDDH&apos;, ip: &apos;192.168.1.6&apos;, os.name: &apos;Windows 10&apos;, os.arch: &apos;amd64&apos;, os.version: &apos;10.0&apos;, java.version: &apos;14.0.2&apos;&#10;Driver info: driver.version: ChromeDriver&#10;remote stacktrace: Backtrace:&#10;	Ordinal0 [0x003B87E3+2852835]&#10;	Ordinal0 [0x002A5BB1+1727409]&#10;	Ordinal0 [0x0017E4B9+517305]&#10;	Ordinal0 [0x00110BA0+68512]&#10;	Ordinal0 [0x0010D3A0+54176]&#10;	Ordinal0 [0x0012D9F7+186871]&#10;	Ordinal0 [0x0012D7FD+186365]&#10;	Ordinal0 [0x0012B70B+177931]&#10;	Ordinal0 [0x00112584+75140]&#10;	Ordinal0 [0x00113650+79440]&#10;	Ordinal0 [0x001135E9+79337]&#10;	Ordinal0 [0x002BAD5C+1813852]&#10;	GetHandleVerifier [0x004DC616+1075574]&#10;	GetHandleVerifier [0x004DC367+1074887]&#10;	GetHandleVerifier [0x004E7497+1120247]&#10;	GetHandleVerifier [0x004DCC16+1077110]&#10;	Ordinal0 [0x002B3206+1782278]&#10;	Ordinal0 [0x002BC3BB+1819579]&#10;	Ordinal0 [0x002BC523+1819939]&#10;	Ordinal0 [0x002D2B45+1911621]&#10;	BaseThreadInitThunk [0x75786359+25]&#10;	RtlGetAppContainerNamedObjectPath [0x772B8944+228]&#10;	RtlGetAppContainerNamedObjectPath [0x772B8914+180]&#10;"/>
  </testcase>
  <testcase name="openBookmark" classname="com.InternalProject.qa.test.MainTest" time="0">
    <skipped message="session not created: This version of ChromeDriver only supports Chrome version 84&#10;Build info: version: &apos;3.5.2&apos;, revision: &apos;10229a9&apos;, time: &apos;2017-08-21T17:29:55.15Z&apos;&#10;System info: host: &apos;DELL-3490-SIDDH&apos;, ip: &apos;192.168.1.6&apos;, os.name: &apos;Windows 10&apos;, os.arch: &apos;amd64&apos;, os.version: &apos;10.0&apos;, java.version: &apos;14.0.2&apos;&#10;Driver info: driver.version: ChromeDriver&#10;remote stacktrace: Backtrace:&#10;	Ordinal0 [0x003B87E3+2852835]&#10;	Ordinal0 [0x002A5BB1+1727409]&#10;	Ordinal0 [0x0017E4B9+517305]&#10;	Ordinal0 [0x00110BA0+68512]&#10;	Ordinal0 [0x0010D3A0+54176]&#10;	Ordinal0 [0x0012D9F7+186871]&#10;	Ordinal0 [0x0012D7FD+186365]&#10;	Ordinal0 [0x0012B70B+177931]&#10;	Ordinal0 [0x00112584+75140]&#10;	Ordinal0 [0x00113650+79440]&#10;	Ordinal0 [0x001135E9+79337]&#10;	Ordinal0 [0x002BAD5C+1813852]&#10;	GetHandleVerifier [0x004DC616+1075574]&#10;	GetHandleVerifier [0x004DC367+1074887]&#10;	GetHandleVerifier [0x004E7497+1120247]&#10;	GetHandleVerifier [0x004DCC16+1077110]&#10;	Ordinal0 [0x002B3206+1782278]&#10;	Ordinal0 [0x002BC3BB+1819579]&#10;	Ordinal0 [0x002BC523+1819939]&#10;	Ordinal0 [0x002D2B45+1911621]&#10;	BaseThreadInitThunk [0x75786359+25]&#10;	RtlGetAppContainerNamedObjectPath [0x772B8944+228]&#10;	RtlGetAppContainerNamedObjectPath [0x772B8914+180]&#10;"/>
  </testcase>
  <testcase name="removeBookmark" classname="com.InternalProject.qa.test.MainTest" time="0">
    <skipped message="session not created: This version of ChromeDriver only supports Chrome version 84&#10;Build info: version: &apos;3.5.2&apos;, revision: &apos;10229a9&apos;, time: &apos;2017-08-21T17:29:55.15Z&apos;&#10;System info: host: &apos;DELL-3490-SIDDH&apos;, ip: &apos;192.168.1.6&apos;, os.name: &apos;Windows 10&apos;, os.arch: &apos;amd64&apos;, os.version: &apos;10.0&apos;, java.version: &apos;14.0.2&apos;&#10;Driver info: driver.version: ChromeDriver&#10;remote stacktrace: Backtrace:&#10;	Ordinal0 [0x003B87E3+2852835]&#10;	Ordinal0 [0x002A5BB1+1727409]&#10;	Ordinal0 [0x0017E4B9+517305]&#10;	Ordinal0 [0x00110BA0+68512]&#10;	Ordinal0 [0x0010D3A0+54176]&#10;	Ordinal0 [0x0012D9F7+186871]&#10;	Ordinal0 [0x0012D7FD+186365]&#10;	Ordinal0 [0x0012B70B+177931]&#10;	Ordinal0 [0x00112584+75140]&#10;	Ordinal0 [0x00113650+79440]&#10;	Ordinal0 [0x001135E9+79337]&#10;	Ordinal0 [0x002BAD5C+1813852]&#10;	GetHandleVerifier [0x004DC616+1075574]&#10;	GetHandleVerifier [0x004DC367+1074887]&#10;	GetHandleVerifier [0x004E7497+1120247]&#10;	GetHandleVerifier [0x004DCC16+1077110]&#10;	Ordinal0 [0x002B3206+1782278]&#10;	Ordinal0 [0x002BC3BB+1819579]&#10;	Ordinal0 [0x002BC523+1819939]&#10;	Ordinal0 [0x002D2B45+1911621]&#10;	BaseThreadInitThunk [0x75786359+25]&#10;	RtlGetAppContainerNamedObjectPath [0x772B8944+228]&#10;	RtlGetAppContainerNamedObjectPath [0x772B8914+180]&#10;"/>
  </testcase>
  <testcase name="logOutRegular" classname="com.InternalProject.qa.test.MainTest" time="0">
    <skipped message="session not created: This version of ChromeDriver only supports Chrome version 84&#10;Build info: version: &apos;3.5.2&apos;, revision: &apos;10229a9&apos;, time: &apos;2017-08-21T17:29:55.15Z&apos;&#10;System info: host: &apos;DELL-3490-SIDDH&apos;, ip: &apos;192.168.1.6&apos;, os.name: &apos;Windows 10&apos;, os.arch: &apos;amd64&apos;, os.version: &apos;10.0&apos;, java.version: &apos;14.0.2&apos;&#10;Driver info: driver.version: ChromeDriver&#10;remote stacktrace: Backtrace:&#10;	Ordinal0 [0x003B87E3+2852835]&#10;	Ordinal0 [0x002A5BB1+1727409]&#10;	Ordinal0 [0x0017E4B9+517305]&#10;	Ordinal0 [0x00110BA0+68512]&#10;	Ordinal0 [0x0010D3A0+54176]&#10;	Ordinal0 [0x0012D9F7+186871]&#10;	Ordinal0 [0x0012D7FD+186365]&#10;	Ordinal0 [0x0012B70B+177931]&#10;	Ordinal0 [0x00112584+75140]&#10;	Ordinal0 [0x00113650+79440]&#10;	Ordinal0 [0x001135E9+79337]&#10;	Ordinal0 [0x002BAD5C+1813852]&#10;	GetHandleVerifier [0x004DC616+1075574]&#10;	GetHandleVerifier [0x004DC367+1074887]&#10;	GetHandleVerifier [0x004E7497+1120247]&#10;	GetHandleVerifier [0x004DCC16+1077110]&#10;	Ordinal0 [0x002B3206+1782278]&#10;	Ordinal0 [0x002BC3BB+1819579]&#10;	Ordinal0 [0x002BC523+1819939]&#10;	Ordinal0 [0x002D2B45+1911621]&#10;	BaseThreadInitThunk [0x75786359+25]&#10;	RtlGetAppContainerNamedObjectPath [0x772B8944+228]&#10;	RtlGetAppContainerNamedObjectPath [0x772B8914+180]&#10;"/>
  </testcase>
  <testcase name="tearDown" classname="com.InternalProject.qa.test.MainTest" time="0">
    <skipped/>
  </testcase>
</testsuite>